<?xml version="1.0" ?>
<testsuite errors="0" failures="0" name="TestArrayPartition1-20180507161317" tests="1" time="0.000">
	<testcase classname="TestArrayPartition1" name="test_basic" time="0.000"/>
	<system-out>
<![CDATA[]]>	</system-out>
	<system-err>
<![CDATA[]]>	</system-err>
</testsuite>
